2024-10-10 10:44:50,175 [INFO] Activator:176 - 


2024-10-10 10:44:50,176 [INFO] Activator:177 - !SESSION log4j initialized
2024-10-10 10:44:52,531 [INFO] LogOutputStream:77 - [STDOUT_REDIRECT] 
2024-10-10 10:44:56,182 [INFO] ApplicationProperties:184 - Using Application install path: /opt/st/stm32cubeide_1.16.0/plugins/com.st.stm32cube.common.mx_6.12.0.202406281431
2024-10-10 10:44:56,198 [INFO] DbMcusXml:78 - Set database path to: /opt/st/stm32cubeide_1.16.0/plugins/com.st.stm32cube.common.mx_6.12.0.202406281431//db//mcu/
2024-10-10 10:44:56,198 [INFO] ApiDb:274 - Set plugin database path to: /opt/st/stm32cubeide_1.16.0/plugins/com.st.stm32cube.common.mx_6.12.0.202406281431//db//plugins/boardmanager/
2024-10-10 10:44:56,198 [WARN] ApiDb:259 - Overriding images path with different value:  => /opt/st/stm32cubeide_1.16.0/plugins/com.st.stm32cube.common.mx_6.12.0.202406281431//db//plugins/mcufinder/images/
2024-10-10 10:44:56,202 [INFO] ApiDb:250 - Set database path to: /home/mary_uri/.stmcufinder/plugins/mcufinder//mcu/
2024-10-10 10:44:56,203 [INFO] DbMcusAds:125 - Set database path to: /home/mary_uri/.stmcufinder/plugins/mcufinder//mcu/
2024-10-10 10:44:56,215 [INFO] CrossReferenceDbSqlite:203 - Set database path to: /home/mary_uri/.stmcufinder/plugins/mcufinder//mcu/cs/
2024-10-10 10:44:56,314 [INFO] RulesReader:64 - Compatibility file has been processed (297 Rules)
2024-10-10 10:44:56,369 [INFO] DbMcusXml:78 - Set database path to: /opt/st/stm32cubeide_1.16.0/plugins/com.st.stm32cube.common.mx_6.12.0.202406281431//db//mcu/
2024-10-10 10:44:56,369 [INFO] ApiDb:274 - Set plugin database path to: /opt/st/stm32cubeide_1.16.0/plugins/com.st.stm32cube.common.mx_6.12.0.202406281431//db//plugins/boardmanager/
2024-10-10 10:44:56,369 [INFO] ApiDb:261 - Set plugin images path to: /opt/st/stm32cubeide_1.16.0/plugins/com.st.stm32cube.common.mx_6.12.0.202406281431//db//plugins/mcufinder/images/
2024-10-10 10:44:56,369 [WARN] DbFile:41 - Overriding database path with different value: /home/mary_uri/.stmcufinder/plugins/mcufinder/ => /home/mary_uri/.stmcufinder/plugins/mcufinder
2024-10-10 10:44:56,369 [INFO] ApiDb:250 - Set database path to: /home/mary_uri/.stmcufinder/plugins/mcufinder//mcu/
2024-10-10 10:44:56,369 [WARN] DbFile:41 - Overriding database path with different value: /home/mary_uri/.stmcufinder/plugins/mcufinder/ => /home/mary_uri/.stmcufinder/plugins/mcufinder
2024-10-10 10:44:56,369 [INFO] DbMcusAds:125 - Set database path to: /home/mary_uri/.stmcufinder/plugins/mcufinder//mcu/
2024-10-10 10:44:56,370 [WARN] DbFile:41 - Overriding database path with different value: /home/mary_uri/.stmcufinder/plugins/mcufinder/ => /home/mary_uri/.stmcufinder/plugins/mcufinder
2024-10-10 10:44:56,370 [WARN] DbFile:41 - Overriding database path with different value: /home/mary_uri/.stmcufinder/plugins/mcufinder/ => /home/mary_uri/.stmcufinder/plugins/mcufinder
2024-10-10 10:44:56,370 [INFO] CrossReferenceDbSqlite:203 - Set database path to: /home/mary_uri/.stmcufinder/plugins/mcufinder//mcu/cs/
2024-10-10 10:44:56,435 [INFO] MainPanel:268 - HeapMemory: 268435456
2024-10-10 10:44:56,535 [INFO] DbMcusXml:78 - Set database path to: /opt/st/stm32cubeide_1.16.0/plugins/com.st.stm32cube.common.mx_6.12.0.202406281431//db//mcu/
2024-10-10 10:44:56,536 [INFO] ApiDb:274 - Set plugin database path to: /opt/st/stm32cubeide_1.16.0/plugins/com.st.stm32cube.common.mx_6.12.0.202406281431//db//plugins/boardmanager/
2024-10-10 10:44:56,536 [INFO] ApiDb:261 - Set plugin images path to: /opt/st/stm32cubeide_1.16.0/plugins/com.st.stm32cube.common.mx_6.12.0.202406281431//db//plugins/mcufinder/images/
2024-10-10 10:44:56,536 [WARN] DbFile:41 - Overriding database path with different value: /home/mary_uri/.stmcufinder/plugins/mcufinder/ => /home/mary_uri/.stmcufinder/plugins/mcufinder
2024-10-10 10:44:56,536 [INFO] ApiDb:250 - Set database path to: /home/mary_uri/.stmcufinder/plugins/mcufinder//mcu/
2024-10-10 10:44:56,536 [WARN] DbFile:41 - Overriding database path with different value: /home/mary_uri/.stmcufinder/plugins/mcufinder/ => /home/mary_uri/.stmcufinder/plugins/mcufinder
2024-10-10 10:44:56,536 [INFO] DbMcusAds:125 - Set database path to: /home/mary_uri/.stmcufinder/plugins/mcufinder//mcu/
2024-10-10 10:44:56,536 [WARN] DbFile:41 - Overriding database path with different value: /home/mary_uri/.stmcufinder/plugins/mcufinder/ => /home/mary_uri/.stmcufinder/plugins/mcufinder
2024-10-10 10:44:56,537 [WARN] DbFile:41 - Overriding database path with different value: /home/mary_uri/.stmcufinder/plugins/mcufinder/ => /home/mary_uri/.stmcufinder/plugins/mcufinder
2024-10-10 10:44:56,537 [INFO] CrossReferenceDbSqlite:203 - Set database path to: /home/mary_uri/.stmcufinder/plugins/mcufinder//mcu/cs/
2024-10-10 10:44:56,549 [INFO] ApplicationProperties:184 - Using Application install path: /opt/st/stm32cubeide_1.16.0/plugins/com.st.stm32cube.common.mx_6.12.0.202406281431
2024-10-10 10:44:56,551 [INFO] PluginManage:196 - Search for loadable plugins [exclusion list=, ]
2024-10-10 10:44:56,552 [INFO] PluginManage:310 - Check plugin analytics
2024-10-10 10:44:56,749 [INFO] AnalyticsPlugin:253 - Accepted Software Licenses: 
2024-10-10 10:44:56,750 [INFO] AnalyticsPlugin:255 - Accepted CMSIS Pack Licenses: 
2024-10-10 10:44:56,750 [INFO] AnalyticsPlugin:257 - Accepted Firmware Licenses: FW.F4.1.28.0
2024-10-10 10:44:56,756 [INFO] PluginManage:359 - Loaded plugin analytics (category:tool,tabindex:-1)
2024-10-10 10:44:56,757 [INFO] PluginManage:310 - Check plugin cadmodel
2024-10-10 10:44:56,766 [INFO] CADModel:105 - Init CAD model plugin
2024-10-10 10:44:56,766 [INFO] PluginManage:359 - Loaded plugin cadmodel (category:power,tabindex:5)
2024-10-10 10:44:56,767 [INFO] PluginManage:310 - Check plugin clock
2024-10-10 10:44:56,785 [INFO] PluginManage:359 - Loaded plugin clock (category:base,tabindex:2)
2024-10-10 10:44:56,786 [INFO] PluginManage:310 - Check plugin ddr
2024-10-10 10:44:56,791 [INFO] PluginManage:359 - Loaded plugin ddr (category:tool,tabindex:6)
2024-10-10 10:44:56,792 [INFO] PluginManage:310 - Check plugin filemanager
2024-10-10 10:44:56,993 [INFO] PluginManage:359 - Loaded plugin filemanager (category:base,tabindex:10)
2024-10-10 10:44:56,994 [INFO] PluginManage:310 - Check plugin ipmanager
2024-10-10 10:44:57,005 [INFO] PluginManage:359 - Loaded plugin ipmanager (category:base,tabindex:5)
2024-10-10 10:44:57,005 [INFO] PluginManage:310 - Check plugin lpbam
2024-10-10 10:44:57,027 [INFO] PluginManage:359 - Loaded plugin lpbam (category:base,tabindex:0)
2024-10-10 10:44:57,028 [INFO] PluginManage:310 - Check plugin memorymap
2024-10-10 10:44:57,043 [INFO] PluginManage:359 - Loaded plugin memorymap (category:base,tabindex:4)
2024-10-10 10:44:57,044 [INFO] PluginManage:310 - Check plugin pinoutandconfiguration
2024-10-10 10:44:57,054 [INFO] PluginManage:359 - Loaded plugin pinoutandconfiguration (category:base,tabindex:1)
2024-10-10 10:44:57,055 [INFO] PluginManage:310 - Check plugin pinoutconfig
2024-10-10 10:44:57,150 [WARN] SupportedApi:132 - Cannot load RTOS API schema: s4s-elt-must-match.1: The content of 'definitions' must match (annotation?, (simpleType | complexType)?, (unique | key | keyref)*)). A problem was found starting at: attribute.
2024-10-10 10:44:57,276 [INFO] PluginManage:359 - Loaded plugin pinoutconfig (category:base,tabindex:0)
2024-10-10 10:44:57,276 [INFO] PluginManage:310 - Check plugin power
2024-10-10 10:44:57,284 [INFO] PluginManage:359 - Loaded plugin power (category:power,tabindex:4)
2024-10-10 10:44:57,284 [INFO] PluginManage:310 - Check plugin projectmanager
2024-10-10 10:44:57,298 [INFO] PluginManage:359 - Loaded plugin projectmanager (category:projectmanager,tabindex:4)
2024-10-10 10:44:57,298 [INFO] PluginManage:310 - Check plugin rif
2024-10-10 10:44:57,302 [INFO] PluginManage:359 - Loaded plugin rif (category:base,tabindex:3)
2024-10-10 10:44:57,302 [INFO] PluginManage:310 - Check plugin thirdparty
2024-10-10 10:44:57,455 [INFO] PluginManage:359 - Loaded plugin thirdparty (category:base,tabindex:-1)
2024-10-10 10:44:57,455 [WARN] IntegrityCheckThread:84 - waiting for thirdparty lock release [integrity check]
2024-10-10 10:44:57,455 [INFO] PluginManage:310 - Check plugin tools
2024-10-10 10:44:57,455 [INFO] IntegrityCheckThread:86 - entering critical section [integrity check]
2024-10-10 10:44:57,456 [INFO] ThirdPartyUpdaterWithRetryManager:70 - Updater plugin not ready yet. [1/15]
2024-10-10 10:44:57,459 [INFO] PluginManage:359 - Loaded plugin tools (category:base,tabindex:7)
2024-10-10 10:44:57,459 [INFO] PluginManage:310 - Check plugin tutovideos
2024-10-10 10:44:57,578 [INFO] PluginManage:359 - Loaded plugin tutovideos (category:base,tabindex:-1)
2024-10-10 10:44:57,579 [INFO] PluginManage:310 - Check plugin updater
2024-10-10 10:44:57,594 [INFO] PluginManage:359 - Loaded plugin updater (category:base,tabindex:12)
2024-10-10 10:44:57,594 [INFO] PluginManage:310 - Check plugin userauth
2024-10-10 10:44:57,597 [INFO] UserAuth:113 - Init User Auth plugin
2024-10-10 10:44:57,598 [INFO] PluginManage:359 - Loaded plugin userauth (category:base,tabindex:14)
2024-10-10 10:44:57,598 [INFO] PluginManage:283 - PluginManage : Loaded plugins [18]
2024-10-10 10:44:57,794 [INFO] PinOutPanel:1561 - setPackage(No Configuration,No Configuration)
2024-10-10 10:44:57,886 [INFO] CADModel:165 - CPN selected for project level
2024-10-10 10:44:57,886 [INFO] CADModel:114 - Register for checkConnection events
2024-10-10 10:44:57,892 [INFO] IPUIPlugin:80 - create IPUIPlugin
2024-10-10 10:44:57,893 [INFO] PluginManager:220 - loadIPPluginJar : add quadspi
2024-10-10 10:44:57,897 [INFO] IPUIPlugin:80 - create IPUIPlugin
2024-10-10 10:44:57,897 [INFO] PluginManager:220 - loadIPPluginJar : add i3c
2024-10-10 10:44:57,899 [INFO] IPUIPlugin:80 - create IPUIPlugin
2024-10-10 10:44:57,899 [INFO] PluginManager:220 - loadIPPluginJar : add spi
2024-10-10 10:44:57,902 [INFO] IPUIPlugin:80 - create IPUIPlugin
2024-10-10 10:44:57,902 [INFO] PluginManager:220 - loadIPPluginJar : add lorawan
2024-10-10 10:44:57,908 [INFO] IPUIPlugin:80 - create IPUIPlugin
2024-10-10 10:44:57,909 [INFO] PluginManager:220 - loadIPPluginJar : add linkedlist
2024-10-10 10:44:57,913 [INFO] IPUIPlugin:80 - create IPUIPlugin
2024-10-10 10:44:57,913 [INFO] PluginManager:220 - loadIPPluginJar : add gtzc
2024-10-10 10:44:57,924 [INFO] IPUIPlugin:80 - create IPUIPlugin
2024-10-10 10:44:57,924 [INFO] PluginManager:220 - loadIPPluginJar : add freertos
2024-10-10 10:44:57,929 [INFO] IPUIPlugin:80 - create IPUIPlugin
2024-10-10 10:44:57,930 [INFO] PluginManager:220 - loadIPPluginJar : add fmc
2024-10-10 10:44:57,931 [INFO] IPUIPlugin:80 - create IPUIPlugin
2024-10-10 10:44:57,931 [INFO] PluginManager:220 - loadIPPluginJar : add genericplugin
2024-10-10 10:44:57,934 [INFO] IPUIPlugin:80 - create IPUIPlugin
2024-10-10 10:44:57,935 [INFO] PluginManager:220 - loadIPPluginJar : add radio
2024-10-10 10:44:57,939 [INFO] IPUIPlugin:80 - create IPUIPlugin
2024-10-10 10:44:57,940 [INFO] PluginManager:220 - loadIPPluginJar : add ucpd
2024-10-10 10:44:57,942 [INFO] IPUIPlugin:80 - create IPUIPlugin
2024-10-10 10:44:57,942 [INFO] PluginManager:220 - loadIPPluginJar : add aes
2024-10-10 10:44:57,943 [INFO] IPUIPlugin:80 - create IPUIPlugin
2024-10-10 10:44:57,943 [INFO] PluginManager:220 - loadIPPluginJar : add ltdc
2024-10-10 10:44:57,947 [INFO] IPUIPlugin:80 - create IPUIPlugin
2024-10-10 10:44:57,951 [INFO] PluginManager:220 - loadIPPluginJar : add plateformsettings
2024-10-10 10:44:57,953 [INFO] IPUIPlugin:80 - create IPUIPlugin
2024-10-10 10:44:57,953 [INFO] PluginManager:220 - loadIPPluginJar : add comp
2024-10-10 10:44:57,957 [INFO] IPUIPlugin:80 - create IPUIPlugin
2024-10-10 10:44:57,958 [INFO] PluginManager:220 - loadIPPluginJar : add hash
2024-10-10 10:44:57,962 [INFO] IPUIPlugin:80 - create IPUIPlugin
2024-10-10 10:44:57,962 [INFO] PluginManager:220 - loadIPPluginJar : add stm32_wpan
2024-10-10 10:44:57,965 [INFO] IPUIPlugin:80 - create IPUIPlugin
2024-10-10 10:44:57,965 [INFO] PluginManager:220 - loadIPPluginJar : add touchsensing
2024-10-10 10:44:57,968 [INFO] IPUIPlugin:80 - create IPUIPlugin
2024-10-10 10:44:57,968 [INFO] PluginManager:220 - loadIPPluginJar : add cryp
2024-10-10 10:44:57,972 [INFO] IPUIPlugin:80 - create IPUIPlugin
2024-10-10 10:44:57,972 [INFO] PluginManager:220 - loadIPPluginJar : add ts
2024-10-10 10:44:57,976 [INFO] IPUIPlugin:80 - create IPUIPlugin
2024-10-10 10:44:57,976 [INFO] PluginManager:220 - loadIPPluginJar : add opamp
2024-10-10 10:44:57,978 [INFO] IPUIPlugin:80 - create IPUIPlugin
2024-10-10 10:44:57,978 [INFO] PluginManager:220 - loadIPPluginJar : add openamp
2024-10-10 10:44:57,980 [INFO] IPUIPlugin:80 - create IPUIPlugin
2024-10-10 10:44:57,980 [INFO] PluginManager:220 - loadIPPluginJar : add pdm2pcm
2024-10-10 10:44:57,982 [INFO] IPUIPlugin:80 - create IPUIPlugin
2024-10-10 10:44:57,983 [INFO] PluginManager:220 - loadIPPluginJar : add dma3
2024-10-10 10:44:57,987 [INFO] IPUIPlugin:80 - create IPUIPlugin
2024-10-10 10:44:57,987 [INFO] PluginManager:220 - loadIPPluginJar : add tracer_emb
2024-10-10 10:44:57,990 [INFO] IPUIPlugin:80 - create IPUIPlugin
2024-10-10 10:44:57,990 [INFO] PluginManager:220 - loadIPPluginJar : add i2s
2024-10-10 10:44:57,992 [INFO] IPUIPlugin:80 - create IPUIPlugin
2024-10-10 10:44:57,992 [INFO] PluginManager:220 - loadIPPluginJar : add ipddr
2024-10-10 10:44:57,993 [INFO] IPUIPlugin:80 - create IPUIPlugin
2024-10-10 10:44:57,994 [INFO] PluginManager:220 - loadIPPluginJar : add tsc
2024-10-10 10:44:57,998 [INFO] IPUIPlugin:80 - create IPUIPlugin
2024-10-10 10:44:58,000 [INFO] PluginManager:220 - loadIPPluginJar : add gic
2024-10-10 10:44:58,009 [INFO] IPUIPlugin:80 - create IPUIPlugin
2024-10-10 10:44:58,010 [INFO] PluginManager:220 - loadIPPluginJar : add dma
2024-10-10 10:44:58,012 [INFO] IPUIPlugin:80 - create IPUIPlugin
2024-10-10 10:44:58,012 [INFO] PluginManager:220 - loadIPPluginJar : add i2c
2024-10-10 10:44:58,016 [INFO] IPUIPlugin:80 - create IPUIPlugin
2024-10-10 10:44:58,016 [INFO] PluginManager:220 - loadIPPluginJar : add usbx
2024-10-10 10:44:58,023 [INFO] IPUIPlugin:80 - create IPUIPlugin
2024-10-10 10:44:58,023 [INFO] PluginManager:220 - loadIPPluginJar : add nvic
2024-10-10 10:44:58,026 [INFO] IPUIPlugin:80 - create IPUIPlugin
2024-10-10 10:44:58,026 [INFO] PluginManager:220 - loadIPPluginJar : add extmemmanager
2024-10-10 10:44:58,029 [INFO] IPUIPlugin:80 - create IPUIPlugin
2024-10-10 10:44:58,029 [INFO] PluginManager:220 - loadIPPluginJar : add resmgrutility
2024-10-10 10:44:58,031 [INFO] IPUIPlugin:80 - create IPUIPlugin
2024-10-10 10:44:58,031 [INFO] PluginManager:220 - loadIPPluginJar : add fatfs
2024-10-10 10:44:58,041 [INFO] IPUIPlugin:80 - create IPUIPlugin
2024-10-10 10:44:58,041 [INFO] PluginManager:220 - loadIPPluginJar : add adc
2024-10-10 10:44:58,043 [INFO] IPUIPlugin:80 - create IPUIPlugin
2024-10-10 10:44:58,044 [INFO] PluginManager:220 - loadIPPluginJar : add gfxmmu
2024-10-10 10:44:58,046 [INFO] IPUIPlugin:80 - create IPUIPlugin
2024-10-10 10:44:58,046 [INFO] PluginManager:220 - loadIPPluginJar : add dfsdm
2024-10-10 10:44:58,048 [INFO] IPUIPlugin:80 - create IPUIPlugin
2024-10-10 10:44:58,049 [INFO] PluginManager:220 - loadIPPluginJar : add usart
2024-10-10 10:44:58,054 [INFO] IPUIPlugin:80 - create IPUIPlugin
2024-10-10 10:44:58,054 [INFO] PluginManager:220 - loadIPPluginJar : add can
2024-10-10 10:44:58,060 [INFO] IPUIPlugin:80 - create IPUIPlugin
2024-10-10 10:44:58,060 [INFO] PluginManager:220 - loadIPPluginJar : add mdma
2024-10-10 10:44:58,063 [INFO] IPUIPlugin:80 - create IPUIPlugin
2024-10-10 10:44:58,064 [INFO] PluginManager:220 - loadIPPluginJar : add gpio
2024-10-10 10:44:58,066 [INFO] IPUIPlugin:80 - create IPUIPlugin
2024-10-10 10:44:58,067 [INFO] PluginManager:220 - loadIPPluginJar : add sai
2024-10-10 10:44:58,070 [INFO] IPUIPlugin:80 - create IPUIPlugin
2024-10-10 10:44:58,071 [INFO] PluginManager:220 - loadIPPluginJar : add tim
2024-10-10 10:44:58,074 [INFO] IPUIPlugin:80 - create IPUIPlugin
2024-10-10 10:44:58,074 [INFO] PluginManager:220 - loadIPPluginJar : add ddr_ctrl_phy
2024-10-10 10:44:58,181 [INFO] CADModel:165 - CPN selected for project level
2024-10-10 10:44:58,181 [INFO] CADModel:114 - Register for checkConnection events
2024-10-10 10:44:58,181 [FATAL] Updater:334 - Updater called before beeing initialized
2024-10-10 10:44:58,181 [ERROR] CADModel:125 - Updater not yet initialized, retry later 
2024-10-10 10:44:58,291 [INFO] CADModel:165 - CPN selected for project level
2024-10-10 10:44:58,291 [INFO] CADModel:114 - Register for checkConnection events
2024-10-10 10:44:58,291 [FATAL] Updater:334 - Updater called before beeing initialized
2024-10-10 10:44:58,291 [ERROR] CADModel:125 - Updater not yet initialized, retry later 
2024-10-10 10:44:58,294 [FATAL] Updater:334 - Updater called before beeing initialized
2024-10-10 10:44:58,394 [FATAL] Updater:334 - Updater called before beeing initialized
2024-10-10 10:44:58,399 [INFO] DbMcusAds:53 - JSON generation date=Fri Sep 20 20:04:23 ICT 2024 (1726837463113)
2024-10-10 10:44:58,399 [FATAL] Updater:334 - Updater called before beeing initialized
2024-10-10 10:44:58,432 [WARN] DetailPanel:346 - Failed to get advertising image, set to default
2024-10-10 10:44:58,509 [FATAL] Updater:334 - Updater called before beeing initialized
2024-10-10 10:44:58,510 [FATAL] Updater:334 - Updater called before beeing initialized
2024-10-10 10:44:58,510 [FATAL] Updater:334 - Updater called before beeing initialized
2024-10-10 10:44:58,510 [WARN] DetailPanel:346 - Failed to get advertising image, set to default
2024-10-10 10:44:58,511 [FATAL] Updater:334 - Updater called before beeing initialized
2024-10-10 10:44:58,546 [ERROR] Updater:1164 - MainUpdater not yet initialized. External WinMGr cannot be set.
2024-10-10 10:44:58,548 [INFO] Updater:1100 - Updater Version found : 6.12.0
2024-10-10 10:44:58,562 [INFO] ApplicationProperties:184 - Using Application install path: /opt/st/stm32cubeide_1.16.0/plugins/com.st.stm32cube.common.mx_6.12.0.202406281431
2024-10-10 10:44:58,814 [INFO] MainUpdater:2873 - connection check result : 10
2024-10-10 10:44:58,816 [INFO] MainUpdater:290 - Updater Check For Update Now.
2024-10-10 10:44:58,816 [INFO] MicroXplorer:498 - Change Database Version : DB.6.0.120
2024-10-10 10:44:58,822 [INFO] McuFinderGlobals:63 - Set McuFinder mode to 2 (CubeIDE integrated)
2024-10-10 10:44:58,823 [INFO] UserAuth:417 - Internet connection configuration mode: 1
2024-10-10 10:44:58,834 [INFO] JxBrowserEngine:152 - Initiate JxBrowser Engine with user profile folder
2024-10-10 10:44:59,013 [INFO] CheckServerUpdateThread:120 - End of CheckServer Thread
2024-10-10 10:44:59,502 [INFO] WebApp:167 - Instantiating new browser for Auth
2024-10-10 10:45:00,101 [INFO] WebApp:448 - Apply proxy settings
2024-10-10 10:45:00,102 [INFO] WebApp:533 - Chromium requires no authentication
2024-10-10 10:45:00,110 [INFO] WebApp:476 - Direct internet connection detected
2024-10-10 10:45:00,125 [INFO] WebApp:869 - Register for checkConnection events
2024-10-10 10:45:00,125 [INFO] WebApp:448 - Apply proxy settings
2024-10-10 10:45:00,125 [INFO] WebApp:533 - Chromium requires no authentication
2024-10-10 10:45:00,126 [INFO] WebApp:476 - Direct internet connection detected
2024-10-10 10:45:00,231 [INFO] WebApp:220 - Starting web application
2024-10-10 10:45:00,232 [INFO] WebApp:578 - Web application path used /opt/st/stm32cubeide_1.16.0/plugins/com.st.stm32cube.common.mx_6.12.0.202406281431/db/plugins/mcufinder/reactClient1/index.html
2024-10-10 10:45:00,327 [INFO] UserAuth:417 - Internet connection configuration mode: 1
2024-10-10 10:45:00,558 [WARN] PackLoader:240 - Cannot read IP mode file for STMicroelectronics.FP-SNS-MOTENVWB1.1.4.0
2024-10-10 10:45:00,570 [WARN] PackLoader:240 - Cannot read IP mode file for STMicroelectronics.X-CUBE-SMBUS.2.1.0
2024-10-10 10:45:00,578 [WARN] PackLoader:240 - Cannot read IP mode file for STMicroelectronics.X-CUBE-WB05N.1.1.0
2024-10-10 10:45:00,613 [WARN] PackLoader:240 - Cannot read IP mode file for STMicroelectronics.X-CUBE-AZRTOS-F7.1.1.0
2024-10-10 10:45:00,706 [WARN] PackLoader:240 - Cannot read IP mode file for STMicroelectronics.X-CUBE-MEMS1.11.0.0
2024-10-10 10:45:00,891 [INFO] WebApp:186 - Connection restablished
2024-10-10 10:45:00,896 [WARN] PackLoader:240 - Cannot read IP mode file for STMicroelectronics.FP-SNS-FLIGHT1.5.0.2
2024-10-10 10:45:00,906 [WARN] PackLoader:240 - Cannot read IP mode file for STMicroelectronics.X-CUBE-DISPLAY.3.0.0
2024-10-10 10:45:00,917 [WARN] PackLoader:240 - Cannot read IP mode file for STMicroelectronics.X-CUBE-BLE1.7.0.0
2024-10-10 10:45:00,925 [WARN] PackLoader:240 - Cannot read IP mode file for STMicroelectronics.X-CUBE-NFC10.1.0.0
2024-10-10 10:45:00,933 [WARN] PackLoader:240 - Cannot read IP mode file for emotas.I-CUBE-CANOPEN.1.3.0
2024-10-10 10:45:00,949 [WARN] PackLoader:240 - Cannot read IP mode file for STMicroelectronics.X-CUBE-BLEMGR.3.1.0
2024-10-10 10:45:00,959 [WARN] PackLoader:240 - Cannot read IP mode file for STMicroelectronics.FP-SNS-SMARTAG2.1.2.0
2024-10-10 10:45:00,974 [INFO] LogOutputStream:77 - [STDOUT_REDIRECT] 1 : Invalid condition id : UX_CORESTACK_Condition cause : null
2024-10-10 10:45:00,976 [INFO] LogOutputStream:77 - [STDOUT_REDIRECT] 1 : Invalid condition id : UX_CORESTACK_Condition cause : null
2024-10-10 10:45:00,977 [INFO] LogOutputStream:77 - [STDOUT_REDIRECT] 1 : Invalid condition id : UX_CORESTACK_Condition cause : null
2024-10-10 10:45:00,978 [INFO] LogOutputStream:77 - [STDOUT_REDIRECT] 1 : Invalid condition id : UX_CORESTACK_Condition cause : null
2024-10-10 10:45:00,978 [INFO] LogOutputStream:77 - [STDOUT_REDIRECT] 1 : Invalid condition id : UX_CORESTACK_Condition cause : null
2024-10-10 10:45:00,989 [WARN] PackLoader:240 - Cannot read IP mode file for STMicroelectronics.X-CUBE-AZRTOS-WL.2.0.0
2024-10-10 10:45:01,003 [WARN] PackLoader:240 - Cannot read IP mode file for STMicroelectronics.FP-SNS-MOTENV1.5.0.0
2024-10-10 10:45:01,018 [WARN] PackLoader:240 - Cannot read IP mode file for wolfSSL.I-CUBE-wolfMQTT.1.19.0
2024-10-10 10:45:01,031 [WARN] PackLoader:240 - Cannot read IP mode file for WES.I-CUBE-Cesium.1.3.0
2024-10-10 10:45:01,041 [WARN] PackLoader:240 - Cannot read IP mode file for STMicroelectronics.X-CUBE-BLE2.3.3.0
2024-10-10 10:45:01,056 [WARN] PackLoader:240 - Cannot read IP mode file for STMicroelectronics.X-CUBE-NFC9.1.0.0
2024-10-10 10:45:01,088 [WARN] PackLoader:240 - Cannot read IP mode file for STMicroelectronics.X-CUBE-TCPP.4.1.0
2024-10-10 10:45:01,121 [WARN] PackLoader:240 - Cannot read IP mode file for STMicroelectronics.X-CUBE-AZRTOS-G0.1.1.0
2024-10-10 10:45:01,138 [WARN] PackLoader:240 - Cannot read IP mode file for STMicroelectronics.X-CUBE-SAFEA1.1.2.2
2024-10-10 10:45:01,181 [WARN] PackLoader:240 - Cannot read IP mode file for STMicroelectronics.X-CUBE-NFC4.3.0.0
2024-10-10 10:45:01,217 [WARN] PackLoader:240 - Cannot read IP mode file for EmbeddedOffice.I-CUBE-FS-RTOS.1.0.1
2024-10-10 10:45:01,218 [ERROR] ConditionMgr:805 - Attr not supported : Dmpu
2024-10-10 10:45:01,219 [ERROR] ConditionMgr:805 - Attr not supported : Dmpu
2024-10-10 10:45:01,219 [ERROR] ConditionMgr:805 - Attr not supported : Dmpu
2024-10-10 10:45:01,219 [ERROR] ConditionMgr:805 - Attr not supported : Dmpu
2024-10-10 10:45:01,219 [ERROR] ConditionMgr:805 - Attr not supported : Dmpu
2024-10-10 10:45:01,219 [ERROR] ConditionMgr:805 - Attr not supported : Dmpu
2024-10-10 10:45:01,219 [ERROR] ConditionMgr:805 - Attr not supported : Dmpu
2024-10-10 10:45:01,219 [ERROR] ConditionMgr:805 - Attr not supported : Dmpu
2024-10-10 10:45:01,219 [ERROR] ConditionMgr:805 - Attr not supported : Dmpu
2024-10-10 10:45:01,219 [ERROR] ConditionMgr:805 - Attr not supported : Dmpu
2024-10-10 10:45:01,219 [ERROR] ConditionMgr:805 - Attr not supported : Dmpu
2024-10-10 10:45:01,219 [ERROR] ConditionMgr:805 - Attr not supported : Dmpu
2024-10-10 10:45:01,220 [ERROR] ConditionMgr:805 - Attr not supported : Dmpu
2024-10-10 10:45:01,220 [ERROR] ConditionMgr:805 - Attr not supported : Dmpu
2024-10-10 10:45:01,220 [ERROR] ConditionMgr:805 - Attr not supported : Dmpu
2024-10-10 10:45:01,220 [ERROR] ConditionMgr:805 - Attr not supported : Dmpu
2024-10-10 10:45:01,220 [ERROR] ConditionMgr:805 - Attr not supported : Dmpu
2024-10-10 10:45:01,220 [ERROR] ConditionMgr:805 - Attr not supported : Dmpu
2024-10-10 10:45:01,220 [ERROR] ConditionMgr:805 - Attr not supported : Dmpu
2024-10-10 10:45:01,220 [ERROR] ConditionMgr:805 - Attr not supported : Dmpu
2024-10-10 10:45:01,220 [ERROR] ConditionMgr:805 - Attr not supported : Dmpu
2024-10-10 10:45:01,220 [ERROR] ConditionMgr:805 - Attr not supported : Dmpu
2024-10-10 10:45:01,221 [ERROR] ConditionMgr:805 - Attr not supported : Dmpu
2024-10-10 10:45:01,221 [ERROR] ConditionMgr:805 - Attr not supported : Dmpu
2024-10-10 10:45:01,221 [ERROR] ConditionMgr:805 - Attr not supported : Dmpu
2024-10-10 10:45:01,221 [ERROR] ConditionMgr:805 - Attr not supported : Dmpu
2024-10-10 10:45:01,221 [ERROR] ConditionMgr:805 - Attr not supported : Dmpu
2024-10-10 10:45:01,221 [ERROR] ConditionMgr:805 - Attr not supported : Dmpu
2024-10-10 10:45:01,221 [ERROR] ConditionMgr:805 - Attr not supported : Dmpu
2024-10-10 10:45:01,221 [ERROR] ConditionMgr:805 - Attr not supported : Dmpu
2024-10-10 10:45:01,221 [ERROR] ConditionMgr:805 - Attr not supported : Dmpu
2024-10-10 10:45:01,221 [ERROR] ConditionMgr:805 - Attr not supported : Dmpu
2024-10-10 10:45:01,221 [ERROR] ConditionMgr:805 - Attr not supported : Dmpu
2024-10-10 10:45:01,222 [ERROR] ConditionMgr:805 - Attr not supported : Dmpu
2024-10-10 10:45:01,222 [ERROR] ConditionMgr:805 - Attr not supported : Dmpu
2024-10-10 10:45:01,222 [ERROR] ConditionMgr:805 - Attr not supported : Dmpu
2024-10-10 10:45:01,222 [ERROR] ConditionMgr:805 - Attr not supported : Dmpu
2024-10-10 10:45:01,222 [ERROR] ConditionMgr:805 - Attr not supported : Dmpu
2024-10-10 10:45:01,222 [ERROR] ConditionMgr:805 - Attr not supported : Dmpu
2024-10-10 10:45:01,222 [ERROR] ConditionMgr:805 - Attr not supported : Dmpu
2024-10-10 10:45:01,222 [ERROR] ConditionMgr:805 - Attr not supported : Dmpu
2024-10-10 10:45:01,223 [ERROR] ConditionMgr:805 - Attr not supported : Dmpu
2024-10-10 10:45:01,223 [ERROR] ConditionMgr:805 - Attr not supported : Dmpu
2024-10-10 10:45:01,223 [ERROR] ConditionMgr:805 - Attr not supported : Dmpu
2024-10-10 10:45:01,223 [ERROR] ConditionMgr:805 - Attr not supported : Dmpu
2024-10-10 10:45:01,223 [ERROR] ConditionMgr:805 - Attr not supported : Dmpu
2024-10-10 10:45:01,223 [ERROR] ConditionMgr:805 - Attr not supported : Dmpu
2024-10-10 10:45:01,223 [ERROR] ConditionMgr:805 - Attr not supported : Dmpu
2024-10-10 10:45:01,223 [ERROR] ConditionMgr:805 - Attr not supported : Dmpu
2024-10-10 10:45:01,223 [ERROR] ConditionMgr:805 - Attr not supported : Dmpu
2024-10-10 10:45:01,223 [ERROR] ConditionMgr:805 - Attr not supported : Dmpu
2024-10-10 10:45:01,223 [ERROR] ConditionMgr:805 - Attr not supported : Dmpu
2024-10-10 10:45:01,223 [ERROR] ConditionMgr:805 - Attr not supported : Dmpu
2024-10-10 10:45:01,223 [ERROR] ConditionMgr:805 - Attr not supported : Dmpu
2024-10-10 10:45:01,224 [ERROR] ConditionMgr:805 - Attr not supported : Dmpu
2024-10-10 10:45:01,224 [ERROR] ConditionMgr:805 - Attr not supported : Dmpu
2024-10-10 10:45:01,224 [ERROR] ConditionMgr:805 - Attr not supported : Dmpu
2024-10-10 10:45:01,224 [ERROR] ConditionMgr:805 - Attr not supported : Dmpu
2024-10-10 10:45:01,224 [ERROR] ConditionMgr:805 - Attr not supported : Dmpu
2024-10-10 10:45:01,224 [ERROR] ConditionMgr:805 - Attr not supported : Dmpu
2024-10-10 10:45:01,224 [ERROR] ConditionMgr:805 - Attr not supported : Dmpu
2024-10-10 10:45:01,224 [ERROR] ConditionMgr:805 - Attr not supported : Dmpu
2024-10-10 10:45:01,224 [ERROR] ConditionMgr:805 - Attr not supported : Dmpu
2024-10-10 10:45:01,224 [ERROR] ConditionMgr:805 - Attr not supported : Dmpu
2024-10-10 10:45:01,233 [WARN] PackLoader:240 - Cannot read IP mode file for RealThread.X-CUBE-RT-Thread_Nano.4.1.1
2024-10-10 10:45:01,239 [WARN] PackLoader:240 - Cannot read IP mode file for STMicroelectronics.FP-ATR-SIGFOX1.3.2.0
2024-10-10 10:45:01,247 [WARN] PackLoader:240 - Cannot read IP mode file for wolfSSL.I-CUBE-wolfSSL.5.7.2
2024-10-10 10:45:01,257 [WARN] PackLoader:240 - Cannot read IP mode file for STMicroelectronics.X-CUBE-EEPRMA1.5.1.0
2024-10-10 10:45:01,277 [WARN] PackLoader:240 - Cannot read IP mode file for ITTIA_DB.I-CUBE-ITTIADB.8.9.0
2024-10-10 10:45:01,356 [WARN] PackLoader:240 - Cannot read IP mode file for SEGGER.I-CUBE-embOS.1.3.1
2024-10-10 10:45:01,441 [WARN] PackLoader:240 - Cannot read IP mode file for STMicroelectronics.X-CUBE-ALGOBUILD.1.4.0
2024-10-10 10:45:01,453 [WARN] PackLoader:240 - Cannot read IP mode file for STMicroelectronics.X-CUBE-AI.9.1.0
2024-10-10 10:45:01,465 [WARN] PackLoader:240 - Cannot read IP mode file for STMicroelectronics.X-CUBE-GNSS1.6.0.0
2024-10-10 10:45:01,494 [WARN] PackLoader:240 - Cannot read IP mode file for STMicroelectronics.X-CUBE-AZRTOS-F4.1.1.0
2024-10-10 10:45:01,510 [WARN] PackLoader:240 - Cannot read IP mode file for STMicroelectronics.X-CUBE-ISPU.2.1.0
2024-10-10 10:45:01,519 [WARN] PackLoader:240 - Cannot read IP mode file for STMicroelectronics.X-CUBE-FREERTOS.1.2.0
2024-10-10 10:45:01,552 [WARN] PackLoader:240 - Cannot read IP mode file for STMicroelectronics.X-CUBE-AZRTOS-L5.2.0.0
2024-10-10 10:45:01,574 [WARN] PackLoader:240 - Cannot read IP mode file for STMicroelectronics.X-CUBE-NFC6.3.1.0
2024-10-10 10:45:01,590 [WARN] PackLoader:240 - Cannot read IP mode file for STMicroelectronics.X-CUBE-DPower.1.2.0
2024-10-10 10:45:01,597 [WARN] PackLoader:240 - Cannot read IP mode file for STMicroelectronics.X-CUBE-AI.9.0.0
2024-10-10 10:45:01,605 [WARN] PackLoader:240 - Cannot read IP mode file for STMicroelectronics.X-CUBE-NFC7.1.0.1
2024-10-10 10:45:01,638 [WARN] ConditionMgr:438 - getConditionDescription Invalid condition id : LAN8742 Phy interface Condition cause : null
2024-10-10 10:45:01,641 [WARN] PackLoader:240 - Cannot read IP mode file for STMicroelectronics.X-CUBE-AZRTOS-L4.2.0.0
2024-10-10 10:45:01,645 [WARN] ConditionMgr:1039 - genDependencies : Invalid condition id : LAN8742 Phy interface Condition cause : null
2024-10-10 10:45:01,645 [WARN] ConditionMgr:1039 - genDependencies : Invalid condition id : LAN8742 Phy interface Condition cause : null
2024-10-10 10:45:01,646 [WARN] ConditionMgr:1039 - genDependencies : Invalid condition id : LAN8742 Phy interface Condition cause : null
2024-10-10 10:45:01,661 [WARN] PackLoader:240 - Cannot read IP mode file for STMicroelectronics.X-CUBE-SFXS2LP1.4.0.0
2024-10-10 10:45:01,704 [WARN] PackLoader:240 - Cannot read IP mode file for STMicroelectronics.X-CUBE-AZRTOS-H7.3.3.0
2024-10-10 10:45:01,732 [WARN] PackLoader:240 - Cannot read IP mode file for STMicroelectronics.X-CUBE-IPS.3.0.0
2024-10-10 10:45:01,768 [WARN] ConditionMgr:438 - getConditionDescription Invalid condition id : UX DEVICE CLASS RTOS Condition cause : null
2024-10-10 10:45:01,769 [WARN] ConditionMgr:438 - getConditionDescription Invalid condition id : UX DEVICE CLASS RTOS Condition cause : null
2024-10-10 10:45:01,773 [WARN] PackLoader:240 - Cannot read IP mode file for STMicroelectronics.X-CUBE-AZRTOS-WB.2.0.0
2024-10-10 10:45:01,775 [WARN] ConditionMgr:1039 - genDependencies : Invalid condition id : UX DEVICE CLASS RTOS Condition cause : null
2024-10-10 10:45:01,776 [WARN] ConditionMgr:1039 - genDependencies : Invalid condition id : UX DEVICE CLASS RTOS Condition cause : null
2024-10-10 10:45:01,777 [WARN] ConditionMgr:1039 - genDependencies : Invalid condition id : UX DEVICE CLASS RTOS Condition cause : null
2024-10-10 10:45:01,778 [WARN] ConditionMgr:1039 - genDependencies : Invalid condition id : UX DEVICE CLASS RTOS Condition cause : null
2024-10-10 10:45:01,778 [WARN] ConditionMgr:1039 - genDependencies : Invalid condition id : UX DEVICE CLASS RTOS Condition cause : null
2024-10-10 10:45:01,792 [WARN] PackLoader:240 - Cannot read IP mode file for STMicroelectronics.X-CUBE-GNSS1.7.0.0
2024-10-10 10:45:01,808 [WARN] PackLoader:240 - Cannot read IP mode file for STMicroelectronics.FP-SNS-STBOX1.2.0.0
2024-10-10 10:45:01,844 [WARN] PackLoader:240 - Cannot read IP mode file for STMicroelectronics.X-CUBE-SUBG2.5.0.0
2024-10-10 10:45:01,864 [WARN] PackLoader:240 - Cannot read IP mode file for Cesanta.I-CUBE-Mongoose.7.13.0
2024-10-10 10:45:01,889 [WARN] PackLoader:240 - Cannot read IP mode file for STMicroelectronics.X-CUBE-AZRTOS-G4.2.0.0
2024-10-10 10:45:01,902 [WARN] PackLoader:240 - Cannot read IP mode file for STMicroelectronics.X-CUBE-ISPU.2.0.0
2024-10-10 10:45:01,912 [WARN] PackLoader:240 - Cannot read IP mode file for STMicroelectronics.X-CUBE-ALS.1.0.2
2024-10-10 10:45:01,923 [WARN] PackLoader:240 - Cannot read IP mode file for STMicroelectronics.X-CUBE-TOUCHGFX.4.24.0
2024-10-10 10:45:01,930 [WARN] PackLoader:240 - Cannot read IP mode file for STMicroelectronics.X-CUBE-TOUCHGFX.4.24.1
2024-10-10 10:45:01,941 [WARN] PackLoader:240 - Cannot read IP mode file for wolfSSL.I-CUBE-wolfTPM.3.4.0
2024-10-10 10:45:01,953 [WARN] PackLoader:240 - Cannot read IP mode file for portGmbH.I-Cube-SoM-uGOAL.1.1.0
2024-10-10 10:45:01,982 [WARN] PackLoader:240 - Cannot read IP mode file for STMicroelectronics.X-CUBE-AZRTOS-H7RS.1.0.0
2024-10-10 10:45:01,997 [WARN] PackLoader:240 - Cannot read IP mode file for STMicroelectronics.FP-ATR-ASTRA1.2.0.0
2024-10-10 10:45:02,017 [WARN] PackLoader:240 - Cannot read IP mode file for STMicroelectronics.X-CUBE-TOF1.3.4.2
2024-10-10 10:45:02,072 [WARN] PackLoader:240 - Cannot read IP mode file for Infineon.AIROC-Wi-Fi-Bluetooth-STM32.1.6.1
2024-10-10 10:45:02,091 [WARN] PackLoader:240 - Cannot read IP mode file for wolfSSL.I-CUBE-wolfSSH.1.4.17
2024-10-10 10:45:02,093 [INFO] ThirdParty:978 - Integrity check success = true
2024-10-10 10:45:02,093 [INFO] IntegrityCheckThread:100 - exiting critical section [integrity check]
2024-10-10 10:45:02,093 [INFO] IntegrityCheckThread:103 - End integrity checks thread
2024-10-10 10:45:46,925 [ERROR] LogOutputStream:75 - [STDERR_REDIRECT] 
2024-10-10 10:47:06,966 [INFO] Activator:176 - 


2024-10-10 10:47:06,968 [INFO] Activator:177 - !SESSION log4j initialized
2024-10-10 10:47:08,889 [INFO] LogOutputStream:77 - [STDOUT_REDIRECT] 
2024-10-10 10:47:11,142 [INFO] ApplicationProperties:184 - Using Application install path: /opt/st/stm32cubeide_1.16.0/plugins/com.st.stm32cube.common.mx_6.12.0.202406281431
2024-10-10 10:47:11,158 [INFO] DbMcusXml:78 - Set database path to: /opt/st/stm32cubeide_1.16.0/plugins/com.st.stm32cube.common.mx_6.12.0.202406281431//db//mcu/
2024-10-10 10:47:11,159 [INFO] ApiDb:274 - Set plugin database path to: /opt/st/stm32cubeide_1.16.0/plugins/com.st.stm32cube.common.mx_6.12.0.202406281431//db//plugins/boardmanager/
2024-10-10 10:47:11,159 [WARN] ApiDb:259 - Overriding images path with different value:  => /opt/st/stm32cubeide_1.16.0/plugins/com.st.stm32cube.common.mx_6.12.0.202406281431//db//plugins/mcufinder/images/
2024-10-10 10:47:11,166 [INFO] ApiDb:250 - Set database path to: /home/mary_uri/.stmcufinder/plugins/mcufinder//mcu/
2024-10-10 10:47:11,167 [INFO] DbMcusAds:125 - Set database path to: /home/mary_uri/.stmcufinder/plugins/mcufinder//mcu/
2024-10-10 10:47:11,170 [INFO] CrossReferenceDbSqlite:203 - Set database path to: /home/mary_uri/.stmcufinder/plugins/mcufinder//mcu/cs/
2024-10-10 10:47:11,278 [INFO] RulesReader:64 - Compatibility file has been processed (297 Rules)
2024-10-10 10:47:11,340 [INFO] DbMcusXml:78 - Set database path to: /opt/st/stm32cubeide_1.16.0/plugins/com.st.stm32cube.common.mx_6.12.0.202406281431//db//mcu/
2024-10-10 10:47:11,340 [INFO] ApiDb:274 - Set plugin database path to: /opt/st/stm32cubeide_1.16.0/plugins/com.st.stm32cube.common.mx_6.12.0.202406281431//db//plugins/boardmanager/
2024-10-10 10:47:11,340 [INFO] ApiDb:261 - Set plugin images path to: /opt/st/stm32cubeide_1.16.0/plugins/com.st.stm32cube.common.mx_6.12.0.202406281431//db//plugins/mcufinder/images/
2024-10-10 10:47:11,340 [WARN] DbFile:41 - Overriding database path with different value: /home/mary_uri/.stmcufinder/plugins/mcufinder/ => /home/mary_uri/.stmcufinder/plugins/mcufinder
2024-10-10 10:47:11,340 [INFO] ApiDb:250 - Set database path to: /home/mary_uri/.stmcufinder/plugins/mcufinder//mcu/
2024-10-10 10:47:11,340 [WARN] DbFile:41 - Overriding database path with different value: /home/mary_uri/.stmcufinder/plugins/mcufinder/ => /home/mary_uri/.stmcufinder/plugins/mcufinder
2024-10-10 10:47:11,340 [INFO] DbMcusAds:125 - Set database path to: /home/mary_uri/.stmcufinder/plugins/mcufinder//mcu/
2024-10-10 10:47:11,341 [WARN] DbFile:41 - Overriding database path with different value: /home/mary_uri/.stmcufinder/plugins/mcufinder/ => /home/mary_uri/.stmcufinder/plugins/mcufinder
2024-10-10 10:47:11,341 [WARN] DbFile:41 - Overriding database path with different value: /home/mary_uri/.stmcufinder/plugins/mcufinder/ => /home/mary_uri/.stmcufinder/plugins/mcufinder
2024-10-10 10:47:11,341 [INFO] CrossReferenceDbSqlite:203 - Set database path to: /home/mary_uri/.stmcufinder/plugins/mcufinder//mcu/cs/
2024-10-10 10:47:11,407 [INFO] MainPanel:268 - HeapMemory: 268435456
2024-10-10 10:47:11,500 [INFO] DbMcusXml:78 - Set database path to: /opt/st/stm32cubeide_1.16.0/plugins/com.st.stm32cube.common.mx_6.12.0.202406281431//db//mcu/
2024-10-10 10:47:11,500 [INFO] ApiDb:274 - Set plugin database path to: /opt/st/stm32cubeide_1.16.0/plugins/com.st.stm32cube.common.mx_6.12.0.202406281431//db//plugins/boardmanager/
2024-10-10 10:47:11,500 [INFO] ApiDb:261 - Set plugin images path to: /opt/st/stm32cubeide_1.16.0/plugins/com.st.stm32cube.common.mx_6.12.0.202406281431//db//plugins/mcufinder/images/
2024-10-10 10:47:11,500 [WARN] DbFile:41 - Overriding database path with different value: /home/mary_uri/.stmcufinder/plugins/mcufinder/ => /home/mary_uri/.stmcufinder/plugins/mcufinder
2024-10-10 10:47:11,500 [INFO] ApiDb:250 - Set database path to: /home/mary_uri/.stmcufinder/plugins/mcufinder//mcu/
2024-10-10 10:47:11,501 [WARN] DbFile:41 - Overriding database path with different value: /home/mary_uri/.stmcufinder/plugins/mcufinder/ => /home/mary_uri/.stmcufinder/plugins/mcufinder
2024-10-10 10:47:11,501 [INFO] DbMcusAds:125 - Set database path to: /home/mary_uri/.stmcufinder/plugins/mcufinder//mcu/
2024-10-10 10:47:11,501 [WARN] DbFile:41 - Overriding database path with different value: /home/mary_uri/.stmcufinder/plugins/mcufinder/ => /home/mary_uri/.stmcufinder/plugins/mcufinder
2024-10-10 10:47:11,501 [WARN] DbFile:41 - Overriding database path with different value: /home/mary_uri/.stmcufinder/plugins/mcufinder/ => /home/mary_uri/.stmcufinder/plugins/mcufinder
2024-10-10 10:47:11,501 [INFO] CrossReferenceDbSqlite:203 - Set database path to: /home/mary_uri/.stmcufinder/plugins/mcufinder//mcu/cs/
2024-10-10 10:47:11,514 [INFO] ApplicationProperties:184 - Using Application install path: /opt/st/stm32cubeide_1.16.0/plugins/com.st.stm32cube.common.mx_6.12.0.202406281431
2024-10-10 10:47:11,515 [INFO] PluginManage:196 - Search for loadable plugins [exclusion list=, ]
2024-10-10 10:47:11,516 [INFO] PluginManage:310 - Check plugin analytics
2024-10-10 10:47:11,637 [INFO] AnalyticsPlugin:253 - Accepted Software Licenses: 
2024-10-10 10:47:11,638 [INFO] AnalyticsPlugin:255 - Accepted CMSIS Pack Licenses: 
2024-10-10 10:47:11,638 [INFO] AnalyticsPlugin:257 - Accepted Firmware Licenses: FW.F4.1.28.0
2024-10-10 10:47:11,640 [INFO] PluginManage:359 - Loaded plugin analytics (category:tool,tabindex:-1)
2024-10-10 10:47:11,641 [INFO] PluginManage:310 - Check plugin cadmodel
2024-10-10 10:47:11,644 [INFO] CADModel:105 - Init CAD model plugin
2024-10-10 10:47:11,645 [INFO] PluginManage:359 - Loaded plugin cadmodel (category:power,tabindex:5)
2024-10-10 10:47:11,645 [INFO] PluginManage:310 - Check plugin clock
2024-10-10 10:47:11,651 [INFO] PluginManage:359 - Loaded plugin clock (category:base,tabindex:2)
2024-10-10 10:47:11,651 [INFO] PluginManage:310 - Check plugin ddr
2024-10-10 10:47:11,653 [INFO] PluginManage:359 - Loaded plugin ddr (category:tool,tabindex:6)
2024-10-10 10:47:11,653 [INFO] PluginManage:310 - Check plugin filemanager
2024-10-10 10:47:11,792 [INFO] PluginManage:359 - Loaded plugin filemanager (category:base,tabindex:10)
2024-10-10 10:47:11,793 [INFO] PluginManage:310 - Check plugin ipmanager
2024-10-10 10:47:11,801 [INFO] PluginManage:359 - Loaded plugin ipmanager (category:base,tabindex:5)
2024-10-10 10:47:11,801 [INFO] PluginManage:310 - Check plugin lpbam
2024-10-10 10:47:11,809 [INFO] PluginManage:359 - Loaded plugin lpbam (category:base,tabindex:0)
2024-10-10 10:47:11,810 [INFO] PluginManage:310 - Check plugin memorymap
2024-10-10 10:47:11,820 [INFO] PluginManage:359 - Loaded plugin memorymap (category:base,tabindex:4)
2024-10-10 10:47:11,821 [INFO] PluginManage:310 - Check plugin pinoutandconfiguration
2024-10-10 10:47:11,827 [INFO] PluginManage:359 - Loaded plugin pinoutandconfiguration (category:base,tabindex:1)
2024-10-10 10:47:11,828 [INFO] PluginManage:310 - Check plugin pinoutconfig
2024-10-10 10:47:11,907 [WARN] SupportedApi:132 - Cannot load RTOS API schema: s4s-elt-must-match.1: The content of 'definitions' must match (annotation?, (simpleType | complexType)?, (unique | key | keyref)*)). A problem was found starting at: attribute.
2024-10-10 10:47:12,035 [INFO] PluginManage:359 - Loaded plugin pinoutconfig (category:base,tabindex:0)
2024-10-10 10:47:12,035 [INFO] PluginManage:310 - Check plugin power
2024-10-10 10:47:12,043 [INFO] PluginManage:359 - Loaded plugin power (category:power,tabindex:4)
2024-10-10 10:47:12,044 [INFO] PluginManage:310 - Check plugin projectmanager
2024-10-10 10:47:12,061 [INFO] PluginManage:359 - Loaded plugin projectmanager (category:projectmanager,tabindex:4)
2024-10-10 10:47:12,062 [INFO] PluginManage:310 - Check plugin rif
2024-10-10 10:47:12,066 [INFO] PluginManage:359 - Loaded plugin rif (category:base,tabindex:3)
2024-10-10 10:47:12,067 [INFO] PluginManage:310 - Check plugin thirdparty
2024-10-10 10:47:12,183 [INFO] PluginManage:359 - Loaded plugin thirdparty (category:base,tabindex:-1)
2024-10-10 10:47:12,183 [WARN] IntegrityCheckThread:84 - waiting for thirdparty lock release [integrity check]
2024-10-10 10:47:12,184 [INFO] PluginManage:310 - Check plugin tools
2024-10-10 10:47:12,184 [INFO] IntegrityCheckThread:86 - entering critical section [integrity check]
2024-10-10 10:47:12,185 [INFO] ThirdPartyUpdaterWithRetryManager:70 - Updater plugin not ready yet. [1/15]
2024-10-10 10:47:12,187 [INFO] PluginManage:359 - Loaded plugin tools (category:base,tabindex:7)
2024-10-10 10:47:12,188 [INFO] PluginManage:310 - Check plugin tutovideos
2024-10-10 10:47:12,340 [INFO] PluginManage:359 - Loaded plugin tutovideos (category:base,tabindex:-1)
2024-10-10 10:47:12,341 [INFO] PluginManage:310 - Check plugin updater
2024-10-10 10:47:12,355 [INFO] PluginManage:359 - Loaded plugin updater (category:base,tabindex:12)
2024-10-10 10:47:12,355 [INFO] PluginManage:310 - Check plugin userauth
2024-10-10 10:47:12,360 [INFO] UserAuth:113 - Init User Auth plugin
2024-10-10 10:47:12,360 [INFO] PluginManage:359 - Loaded plugin userauth (category:base,tabindex:14)
2024-10-10 10:47:12,361 [INFO] PluginManage:283 - PluginManage : Loaded plugins [18]
2024-10-10 10:47:12,551 [INFO] PinOutPanel:1561 - setPackage(No Configuration,No Configuration)
2024-10-10 10:47:12,616 [INFO] CADModel:165 - CPN selected for project level
2024-10-10 10:47:12,617 [INFO] CADModel:114 - Register for checkConnection events
2024-10-10 10:47:12,625 [INFO] IPUIPlugin:80 - create IPUIPlugin
2024-10-10 10:47:12,625 [INFO] PluginManager:220 - loadIPPluginJar : add quadspi
2024-10-10 10:47:12,629 [INFO] IPUIPlugin:80 - create IPUIPlugin
2024-10-10 10:47:12,629 [INFO] PluginManager:220 - loadIPPluginJar : add i3c
2024-10-10 10:47:12,631 [INFO] IPUIPlugin:80 - create IPUIPlugin
2024-10-10 10:47:12,631 [INFO] PluginManager:220 - loadIPPluginJar : add spi
2024-10-10 10:47:12,633 [INFO] IPUIPlugin:80 - create IPUIPlugin
2024-10-10 10:47:12,633 [INFO] PluginManager:220 - loadIPPluginJar : add lorawan
2024-10-10 10:47:12,639 [INFO] IPUIPlugin:80 - create IPUIPlugin
2024-10-10 10:47:12,639 [INFO] PluginManager:220 - loadIPPluginJar : add linkedlist
2024-10-10 10:47:12,641 [INFO] IPUIPlugin:80 - create IPUIPlugin
2024-10-10 10:47:12,642 [INFO] PluginManager:220 - loadIPPluginJar : add gtzc
2024-10-10 10:47:12,646 [INFO] IPUIPlugin:80 - create IPUIPlugin
2024-10-10 10:47:12,646 [INFO] PluginManager:220 - loadIPPluginJar : add freertos
2024-10-10 10:47:12,650 [INFO] IPUIPlugin:80 - create IPUIPlugin
2024-10-10 10:47:12,651 [INFO] PluginManager:220 - loadIPPluginJar : add fmc
2024-10-10 10:47:12,652 [INFO] IPUIPlugin:80 - create IPUIPlugin
2024-10-10 10:47:12,652 [INFO] PluginManager:220 - loadIPPluginJar : add genericplugin
2024-10-10 10:47:12,653 [INFO] IPUIPlugin:80 - create IPUIPlugin
2024-10-10 10:47:12,654 [INFO] PluginManager:220 - loadIPPluginJar : add radio
2024-10-10 10:47:12,656 [INFO] IPUIPlugin:80 - create IPUIPlugin
2024-10-10 10:47:12,656 [INFO] PluginManager:220 - loadIPPluginJar : add ucpd
2024-10-10 10:47:12,658 [INFO] IPUIPlugin:80 - create IPUIPlugin
2024-10-10 10:47:12,659 [INFO] PluginManager:220 - loadIPPluginJar : add aes
2024-10-10 10:47:12,660 [INFO] IPUIPlugin:80 - create IPUIPlugin
2024-10-10 10:47:12,660 [INFO] PluginManager:220 - loadIPPluginJar : add ltdc
2024-10-10 10:47:12,666 [INFO] IPUIPlugin:80 - create IPUIPlugin
2024-10-10 10:47:12,669 [INFO] PluginManager:220 - loadIPPluginJar : add plateformsettings
2024-10-10 10:47:12,670 [INFO] IPUIPlugin:80 - create IPUIPlugin
2024-10-10 10:47:12,670 [INFO] PluginManager:220 - loadIPPluginJar : add comp
2024-10-10 10:47:12,673 [INFO] IPUIPlugin:80 - create IPUIPlugin
2024-10-10 10:47:12,673 [INFO] PluginManager:220 - loadIPPluginJar : add hash
2024-10-10 10:47:12,678 [INFO] IPUIPlugin:80 - create IPUIPlugin
2024-10-10 10:47:12,678 [INFO] PluginManager:220 - loadIPPluginJar : add stm32_wpan
2024-10-10 10:47:12,681 [INFO] IPUIPlugin:80 - create IPUIPlugin
2024-10-10 10:47:12,682 [INFO] PluginManager:220 - loadIPPluginJar : add touchsensing
2024-10-10 10:47:12,684 [INFO] IPUIPlugin:80 - create IPUIPlugin
2024-10-10 10:47:12,684 [INFO] PluginManager:220 - loadIPPluginJar : add cryp
2024-10-10 10:47:12,686 [INFO] IPUIPlugin:80 - create IPUIPlugin
2024-10-10 10:47:12,686 [INFO] PluginManager:220 - loadIPPluginJar : add ts
2024-10-10 10:47:12,689 [INFO] IPUIPlugin:80 - create IPUIPlugin
2024-10-10 10:47:12,689 [INFO] PluginManager:220 - loadIPPluginJar : add opamp
2024-10-10 10:47:12,692 [INFO] IPUIPlugin:80 - create IPUIPlugin
2024-10-10 10:47:12,692 [INFO] PluginManager:220 - loadIPPluginJar : add openamp
2024-10-10 10:47:12,695 [INFO] IPUIPlugin:80 - create IPUIPlugin
2024-10-10 10:47:12,695 [INFO] PluginManager:220 - loadIPPluginJar : add pdm2pcm
2024-10-10 10:47:12,697 [INFO] IPUIPlugin:80 - create IPUIPlugin
2024-10-10 10:47:12,697 [INFO] PluginManager:220 - loadIPPluginJar : add dma3
2024-10-10 10:47:12,699 [INFO] IPUIPlugin:80 - create IPUIPlugin
2024-10-10 10:47:12,699 [INFO] PluginManager:220 - loadIPPluginJar : add tracer_emb
2024-10-10 10:47:12,701 [INFO] IPUIPlugin:80 - create IPUIPlugin
2024-10-10 10:47:12,701 [INFO] PluginManager:220 - loadIPPluginJar : add i2s
2024-10-10 10:47:12,703 [INFO] IPUIPlugin:80 - create IPUIPlugin
2024-10-10 10:47:12,703 [INFO] PluginManager:220 - loadIPPluginJar : add ipddr
2024-10-10 10:47:12,705 [INFO] IPUIPlugin:80 - create IPUIPlugin
2024-10-10 10:47:12,705 [INFO] PluginManager:220 - loadIPPluginJar : add tsc
2024-10-10 10:47:12,710 [INFO] IPUIPlugin:80 - create IPUIPlugin
2024-10-10 10:47:12,710 [INFO] PluginManager:220 - loadIPPluginJar : add gic
2024-10-10 10:47:12,715 [INFO] IPUIPlugin:80 - create IPUIPlugin
2024-10-10 10:47:12,716 [INFO] PluginManager:220 - loadIPPluginJar : add dma
2024-10-10 10:47:12,718 [INFO] IPUIPlugin:80 - create IPUIPlugin
2024-10-10 10:47:12,718 [INFO] PluginManager:220 - loadIPPluginJar : add i2c
2024-10-10 10:47:12,720 [INFO] IPUIPlugin:80 - create IPUIPlugin
2024-10-10 10:47:12,720 [INFO] PluginManager:220 - loadIPPluginJar : add usbx
2024-10-10 10:47:12,724 [INFO] IPUIPlugin:80 - create IPUIPlugin
2024-10-10 10:47:12,724 [INFO] PluginManager:220 - loadIPPluginJar : add nvic
2024-10-10 10:47:12,727 [INFO] IPUIPlugin:80 - create IPUIPlugin
2024-10-10 10:47:12,727 [INFO] PluginManager:220 - loadIPPluginJar : add extmemmanager
2024-10-10 10:47:12,729 [INFO] IPUIPlugin:80 - create IPUIPlugin
2024-10-10 10:47:12,730 [INFO] PluginManager:220 - loadIPPluginJar : add resmgrutility
2024-10-10 10:47:12,731 [INFO] IPUIPlugin:80 - create IPUIPlugin
2024-10-10 10:47:12,731 [INFO] PluginManager:220 - loadIPPluginJar : add fatfs
2024-10-10 10:47:12,737 [INFO] IPUIPlugin:80 - create IPUIPlugin
2024-10-10 10:47:12,737 [INFO] PluginManager:220 - loadIPPluginJar : add adc
2024-10-10 10:47:12,739 [INFO] IPUIPlugin:80 - create IPUIPlugin
2024-10-10 10:47:12,740 [INFO] PluginManager:220 - loadIPPluginJar : add gfxmmu
2024-10-10 10:47:12,742 [INFO] IPUIPlugin:80 - create IPUIPlugin
2024-10-10 10:47:12,742 [INFO] PluginManager:220 - loadIPPluginJar : add dfsdm
2024-10-10 10:47:12,744 [INFO] IPUIPlugin:80 - create IPUIPlugin
2024-10-10 10:47:12,745 [INFO] PluginManager:220 - loadIPPluginJar : add usart
2024-10-10 10:47:12,747 [INFO] IPUIPlugin:80 - create IPUIPlugin
2024-10-10 10:47:12,747 [INFO] PluginManager:220 - loadIPPluginJar : add can
2024-10-10 10:47:12,752 [INFO] IPUIPlugin:80 - create IPUIPlugin
2024-10-10 10:47:12,753 [INFO] PluginManager:220 - loadIPPluginJar : add mdma
2024-10-10 10:47:12,757 [INFO] IPUIPlugin:80 - create IPUIPlugin
2024-10-10 10:47:12,757 [INFO] PluginManager:220 - loadIPPluginJar : add gpio
2024-10-10 10:47:12,760 [INFO] IPUIPlugin:80 - create IPUIPlugin
2024-10-10 10:47:12,760 [INFO] PluginManager:220 - loadIPPluginJar : add sai
2024-10-10 10:47:12,762 [INFO] IPUIPlugin:80 - create IPUIPlugin
2024-10-10 10:47:12,762 [INFO] PluginManager:220 - loadIPPluginJar : add tim
2024-10-10 10:47:12,764 [INFO] IPUIPlugin:80 - create IPUIPlugin
2024-10-10 10:47:12,764 [INFO] PluginManager:220 - loadIPPluginJar : add ddr_ctrl_phy
2024-10-10 10:47:12,866 [INFO] CADModel:165 - CPN selected for project level
2024-10-10 10:47:12,866 [INFO] CADModel:114 - Register for checkConnection events
2024-10-10 10:47:12,866 [FATAL] Updater:334 - Updater called before beeing initialized
2024-10-10 10:47:12,866 [ERROR] CADModel:125 - Updater not yet initialized, retry later 
2024-10-10 10:47:12,966 [INFO] CADModel:165 - CPN selected for project level
2024-10-10 10:47:12,966 [INFO] CADModel:114 - Register for checkConnection events
2024-10-10 10:47:12,966 [FATAL] Updater:334 - Updater called before beeing initialized
2024-10-10 10:47:12,966 [ERROR] CADModel:125 - Updater not yet initialized, retry later 
2024-10-10 10:47:12,970 [FATAL] Updater:334 - Updater called before beeing initialized
2024-10-10 10:47:13,065 [FATAL] Updater:334 - Updater called before beeing initialized
2024-10-10 10:47:13,070 [INFO] DbMcusAds:53 - JSON generation date=Fri Sep 20 20:04:23 ICT 2024 (1726837463113)
2024-10-10 10:47:13,070 [FATAL] Updater:334 - Updater called before beeing initialized
2024-10-10 10:47:13,100 [WARN] DetailPanel:346 - Failed to get advertising image, set to default
2024-10-10 10:47:13,167 [FATAL] Updater:334 - Updater called before beeing initialized
2024-10-10 10:47:13,169 [FATAL] Updater:334 - Updater called before beeing initialized
2024-10-10 10:47:13,169 [FATAL] Updater:334 - Updater called before beeing initialized
2024-10-10 10:47:13,169 [WARN] DetailPanel:346 - Failed to get advertising image, set to default
2024-10-10 10:47:13,170 [FATAL] Updater:334 - Updater called before beeing initialized
2024-10-10 10:47:13,199 [ERROR] Updater:1164 - MainUpdater not yet initialized. External WinMGr cannot be set.
2024-10-10 10:47:13,201 [INFO] Updater:1100 - Updater Version found : 6.12.0
2024-10-10 10:47:13,219 [INFO] ApplicationProperties:184 - Using Application install path: /opt/st/stm32cubeide_1.16.0/plugins/com.st.stm32cube.common.mx_6.12.0.202406281431
2024-10-10 10:47:13,420 [INFO] MainUpdater:2873 - connection check result : 10
2024-10-10 10:47:13,420 [INFO] MainUpdater:290 - Updater Check For Update Now.
2024-10-10 10:47:13,421 [INFO] MicroXplorer:498 - Change Database Version : DB.6.0.120
2024-10-10 10:47:13,425 [INFO] McuFinderGlobals:63 - Set McuFinder mode to 2 (CubeIDE integrated)
2024-10-10 10:47:13,426 [INFO] UserAuth:417 - Internet connection configuration mode: 1
2024-10-10 10:47:13,436 [INFO] JxBrowserEngine:152 - Initiate JxBrowser Engine with user profile folder
2024-10-10 10:47:13,598 [INFO] CheckServerUpdateThread:120 - End of CheckServer Thread
2024-10-10 10:47:14,032 [INFO] WebApp:167 - Instantiating new browser for Auth
2024-10-10 10:47:14,694 [INFO] WebApp:448 - Apply proxy settings
2024-10-10 10:47:14,694 [INFO] WebApp:533 - Chromium requires no authentication
2024-10-10 10:47:14,701 [INFO] WebApp:476 - Direct internet connection detected
2024-10-10 10:47:14,723 [INFO] WebApp:869 - Register for checkConnection events
2024-10-10 10:47:14,724 [INFO] WebApp:448 - Apply proxy settings
2024-10-10 10:47:14,724 [INFO] WebApp:533 - Chromium requires no authentication
2024-10-10 10:47:14,724 [INFO] WebApp:476 - Direct internet connection detected
2024-10-10 10:47:14,839 [INFO] WebApp:220 - Starting web application
2024-10-10 10:47:14,839 [INFO] WebApp:578 - Web application path used /opt/st/stm32cubeide_1.16.0/plugins/com.st.stm32cube.common.mx_6.12.0.202406281431/db/plugins/mcufinder/reactClient1/index.html
2024-10-10 10:47:14,935 [INFO] UserAuth:417 - Internet connection configuration mode: 1
2024-10-10 10:47:15,053 [INFO] WebApp:186 - Connection restablished
2024-10-10 10:47:15,304 [WARN] PackLoader:240 - Cannot read IP mode file for STMicroelectronics.FP-SNS-MOTENVWB1.1.4.0
2024-10-10 10:47:15,317 [WARN] PackLoader:240 - Cannot read IP mode file for STMicroelectronics.X-CUBE-SMBUS.2.1.0
2024-10-10 10:47:15,331 [WARN] PackLoader:240 - Cannot read IP mode file for STMicroelectronics.X-CUBE-WB05N.1.1.0
2024-10-10 10:47:15,375 [WARN] PackLoader:240 - Cannot read IP mode file for STMicroelectronics.X-CUBE-AZRTOS-F7.1.1.0
2024-10-10 10:47:15,479 [WARN] PackLoader:240 - Cannot read IP mode file for STMicroelectronics.X-CUBE-MEMS1.11.0.0
2024-10-10 10:47:15,660 [WARN] PackLoader:240 - Cannot read IP mode file for STMicroelectronics.FP-SNS-FLIGHT1.5.0.2
2024-10-10 10:47:15,672 [WARN] PackLoader:240 - Cannot read IP mode file for STMicroelectronics.X-CUBE-DISPLAY.3.0.0
2024-10-10 10:47:15,684 [WARN] PackLoader:240 - Cannot read IP mode file for STMicroelectronics.X-CUBE-BLE1.7.0.0
2024-10-10 10:47:15,690 [WARN] PackLoader:240 - Cannot read IP mode file for STMicroelectronics.X-CUBE-NFC10.1.0.0
2024-10-10 10:47:15,698 [WARN] PackLoader:240 - Cannot read IP mode file for emotas.I-CUBE-CANOPEN.1.3.0
2024-10-10 10:47:15,708 [WARN] PackLoader:240 - Cannot read IP mode file for STMicroelectronics.X-CUBE-BLEMGR.3.1.0
2024-10-10 10:47:15,725 [WARN] PackLoader:240 - Cannot read IP mode file for STMicroelectronics.FP-SNS-SMARTAG2.1.2.0
2024-10-10 10:47:15,740 [INFO] LogOutputStream:77 - [STDOUT_REDIRECT] 1 : Invalid condition id : UX_CORESTACK_Condition cause : null
2024-10-10 10:47:15,741 [INFO] LogOutputStream:77 - [STDOUT_REDIRECT] 1 : Invalid condition id : UX_CORESTACK_Condition cause : null
2024-10-10 10:47:15,741 [INFO] LogOutputStream:77 - [STDOUT_REDIRECT] 1 : Invalid condition id : UX_CORESTACK_Condition cause : null
2024-10-10 10:47:15,741 [INFO] LogOutputStream:77 - [STDOUT_REDIRECT] 1 : Invalid condition id : UX_CORESTACK_Condition cause : null
2024-10-10 10:47:15,742 [INFO] LogOutputStream:77 - [STDOUT_REDIRECT] 1 : Invalid condition id : UX_CORESTACK_Condition cause : null
2024-10-10 10:47:15,747 [WARN] PackLoader:240 - Cannot read IP mode file for STMicroelectronics.X-CUBE-AZRTOS-WL.2.0.0
2024-10-10 10:47:15,758 [WARN] PackLoader:240 - Cannot read IP mode file for STMicroelectronics.FP-SNS-MOTENV1.5.0.0
2024-10-10 10:47:15,767 [WARN] PackLoader:240 - Cannot read IP mode file for wolfSSL.I-CUBE-wolfMQTT.1.19.0
2024-10-10 10:47:15,780 [WARN] PackLoader:240 - Cannot read IP mode file for WES.I-CUBE-Cesium.1.3.0
2024-10-10 10:47:15,787 [WARN] PackLoader:240 - Cannot read IP mode file for STMicroelectronics.X-CUBE-BLE2.3.3.0
2024-10-10 10:47:15,811 [WARN] PackLoader:240 - Cannot read IP mode file for STMicroelectronics.X-CUBE-NFC9.1.0.0
2024-10-10 10:47:15,825 [WARN] PackLoader:240 - Cannot read IP mode file for STMicroelectronics.X-CUBE-TCPP.4.1.0
2024-10-10 10:47:15,871 [WARN] PackLoader:240 - Cannot read IP mode file for STMicroelectronics.X-CUBE-AZRTOS-G0.1.1.0
2024-10-10 10:47:15,885 [WARN] PackLoader:240 - Cannot read IP mode file for STMicroelectronics.X-CUBE-SAFEA1.1.2.2
2024-10-10 10:47:15,900 [WARN] PackLoader:240 - Cannot read IP mode file for STMicroelectronics.X-CUBE-NFC4.3.0.0
2024-10-10 10:47:15,919 [WARN] PackLoader:240 - Cannot read IP mode file for EmbeddedOffice.I-CUBE-FS-RTOS.1.0.1
2024-10-10 10:47:15,921 [ERROR] ConditionMgr:805 - Attr not supported : Dmpu
2024-10-10 10:47:15,921 [ERROR] ConditionMgr:805 - Attr not supported : Dmpu
2024-10-10 10:47:15,922 [ERROR] ConditionMgr:805 - Attr not supported : Dmpu
2024-10-10 10:47:15,922 [ERROR] ConditionMgr:805 - Attr not supported : Dmpu
2024-10-10 10:47:15,922 [ERROR] ConditionMgr:805 - Attr not supported : Dmpu
2024-10-10 10:47:15,922 [ERROR] ConditionMgr:805 - Attr not supported : Dmpu
2024-10-10 10:47:15,922 [ERROR] ConditionMgr:805 - Attr not supported : Dmpu
2024-10-10 10:47:15,922 [ERROR] ConditionMgr:805 - Attr not supported : Dmpu
2024-10-10 10:47:15,922 [ERROR] ConditionMgr:805 - Attr not supported : Dmpu
2024-10-10 10:47:15,922 [ERROR] ConditionMgr:805 - Attr not supported : Dmpu
2024-10-10 10:47:15,922 [ERROR] ConditionMgr:805 - Attr not supported : Dmpu
2024-10-10 10:47:15,922 [ERROR] ConditionMgr:805 - Attr not supported : Dmpu
2024-10-10 10:47:15,922 [ERROR] ConditionMgr:805 - Attr not supported : Dmpu
2024-10-10 10:47:15,923 [ERROR] ConditionMgr:805 - Attr not supported : Dmpu
2024-10-10 10:47:15,923 [ERROR] ConditionMgr:805 - Attr not supported : Dmpu
2024-10-10 10:47:15,923 [ERROR] ConditionMgr:805 - Attr not supported : Dmpu
2024-10-10 10:47:15,923 [ERROR] ConditionMgr:805 - Attr not supported : Dmpu
2024-10-10 10:47:15,923 [ERROR] ConditionMgr:805 - Attr not supported : Dmpu
2024-10-10 10:47:15,923 [ERROR] ConditionMgr:805 - Attr not supported : Dmpu
2024-10-10 10:47:15,923 [ERROR] ConditionMgr:805 - Attr not supported : Dmpu
2024-10-10 10:47:15,923 [ERROR] ConditionMgr:805 - Attr not supported : Dmpu
2024-10-10 10:47:15,923 [ERROR] ConditionMgr:805 - Attr not supported : Dmpu
2024-10-10 10:47:15,923 [ERROR] ConditionMgr:805 - Attr not supported : Dmpu
2024-10-10 10:47:15,923 [ERROR] ConditionMgr:805 - Attr not supported : Dmpu
2024-10-10 10:47:15,924 [ERROR] ConditionMgr:805 - Attr not supported : Dmpu
2024-10-10 10:47:15,924 [ERROR] ConditionMgr:805 - Attr not supported : Dmpu
2024-10-10 10:47:15,924 [ERROR] ConditionMgr:805 - Attr not supported : Dmpu
2024-10-10 10:47:15,924 [ERROR] ConditionMgr:805 - Attr not supported : Dmpu
2024-10-10 10:47:15,924 [ERROR] ConditionMgr:805 - Attr not supported : Dmpu
2024-10-10 10:47:15,924 [ERROR] ConditionMgr:805 - Attr not supported : Dmpu
2024-10-10 10:47:15,924 [ERROR] ConditionMgr:805 - Attr not supported : Dmpu
2024-10-10 10:47:15,924 [ERROR] ConditionMgr:805 - Attr not supported : Dmpu
2024-10-10 10:47:15,924 [ERROR] ConditionMgr:805 - Attr not supported : Dmpu
2024-10-10 10:47:15,924 [ERROR] ConditionMgr:805 - Attr not supported : Dmpu
2024-10-10 10:47:15,924 [ERROR] ConditionMgr:805 - Attr not supported : Dmpu
2024-10-10 10:47:15,924 [ERROR] ConditionMgr:805 - Attr not supported : Dmpu
2024-10-10 10:47:15,925 [ERROR] ConditionMgr:805 - Attr not supported : Dmpu
2024-10-10 10:47:15,925 [ERROR] ConditionMgr:805 - Attr not supported : Dmpu
2024-10-10 10:47:15,925 [ERROR] ConditionMgr:805 - Attr not supported : Dmpu
2024-10-10 10:47:15,925 [ERROR] ConditionMgr:805 - Attr not supported : Dmpu
2024-10-10 10:47:15,925 [ERROR] ConditionMgr:805 - Attr not supported : Dmpu
2024-10-10 10:47:15,925 [ERROR] ConditionMgr:805 - Attr not supported : Dmpu
2024-10-10 10:47:15,925 [ERROR] ConditionMgr:805 - Attr not supported : Dmpu
2024-10-10 10:47:15,925 [ERROR] ConditionMgr:805 - Attr not supported : Dmpu
2024-10-10 10:47:15,925 [ERROR] ConditionMgr:805 - Attr not supported : Dmpu
2024-10-10 10:47:15,925 [ERROR] ConditionMgr:805 - Attr not supported : Dmpu
2024-10-10 10:47:15,926 [ERROR] ConditionMgr:805 - Attr not supported : Dmpu
2024-10-10 10:47:15,926 [ERROR] ConditionMgr:805 - Attr not supported : Dmpu
2024-10-10 10:47:15,926 [ERROR] ConditionMgr:805 - Attr not supported : Dmpu
2024-10-10 10:47:15,926 [ERROR] ConditionMgr:805 - Attr not supported : Dmpu
2024-10-10 10:47:15,926 [ERROR] ConditionMgr:805 - Attr not supported : Dmpu
2024-10-10 10:47:15,926 [ERROR] ConditionMgr:805 - Attr not supported : Dmpu
2024-10-10 10:47:15,926 [ERROR] ConditionMgr:805 - Attr not supported : Dmpu
2024-10-10 10:47:15,926 [ERROR] ConditionMgr:805 - Attr not supported : Dmpu
2024-10-10 10:47:15,926 [ERROR] ConditionMgr:805 - Attr not supported : Dmpu
2024-10-10 10:47:15,926 [ERROR] ConditionMgr:805 - Attr not supported : Dmpu
2024-10-10 10:47:15,927 [ERROR] ConditionMgr:805 - Attr not supported : Dmpu
2024-10-10 10:47:15,927 [ERROR] ConditionMgr:805 - Attr not supported : Dmpu
2024-10-10 10:47:15,928 [ERROR] ConditionMgr:805 - Attr not supported : Dmpu
2024-10-10 10:47:15,928 [ERROR] ConditionMgr:805 - Attr not supported : Dmpu
2024-10-10 10:47:15,928 [ERROR] ConditionMgr:805 - Attr not supported : Dmpu
2024-10-10 10:47:15,928 [ERROR] ConditionMgr:805 - Attr not supported : Dmpu
2024-10-10 10:47:15,929 [ERROR] ConditionMgr:805 - Attr not supported : Dmpu
2024-10-10 10:47:15,929 [ERROR] ConditionMgr:805 - Attr not supported : Dmpu
2024-10-10 10:47:15,937 [WARN] PackLoader:240 - Cannot read IP mode file for RealThread.X-CUBE-RT-Thread_Nano.4.1.1
2024-10-10 10:47:15,942 [WARN] PackLoader:240 - Cannot read IP mode file for STMicroelectronics.FP-ATR-SIGFOX1.3.2.0
2024-10-10 10:47:15,951 [WARN] PackLoader:240 - Cannot read IP mode file for wolfSSL.I-CUBE-wolfSSL.5.7.2
2024-10-10 10:47:15,961 [WARN] PackLoader:240 - Cannot read IP mode file for STMicroelectronics.X-CUBE-EEPRMA1.5.1.0
2024-10-10 10:47:15,973 [WARN] PackLoader:240 - Cannot read IP mode file for ITTIA_DB.I-CUBE-ITTIADB.8.9.0
2024-10-10 10:47:16,045 [WARN] PackLoader:240 - Cannot read IP mode file for SEGGER.I-CUBE-embOS.1.3.1
2024-10-10 10:47:16,123 [WARN] PackLoader:240 - Cannot read IP mode file for STMicroelectronics.X-CUBE-ALGOBUILD.1.4.0
2024-10-10 10:47:16,132 [WARN] PackLoader:240 - Cannot read IP mode file for STMicroelectronics.X-CUBE-AI.9.1.0
2024-10-10 10:47:16,140 [WARN] PackLoader:240 - Cannot read IP mode file for STMicroelectronics.X-CUBE-GNSS1.6.0.0
2024-10-10 10:47:16,176 [WARN] PackLoader:240 - Cannot read IP mode file for STMicroelectronics.X-CUBE-AZRTOS-F4.1.1.0
2024-10-10 10:47:16,187 [WARN] PackLoader:240 - Cannot read IP mode file for STMicroelectronics.X-CUBE-ISPU.2.1.0
2024-10-10 10:47:16,196 [WARN] PackLoader:240 - Cannot read IP mode file for STMicroelectronics.X-CUBE-FREERTOS.1.2.0
2024-10-10 10:47:16,233 [WARN] PackLoader:240 - Cannot read IP mode file for STMicroelectronics.X-CUBE-AZRTOS-L5.2.0.0
2024-10-10 10:47:16,248 [WARN] PackLoader:240 - Cannot read IP mode file for STMicroelectronics.X-CUBE-NFC6.3.1.0
2024-10-10 10:47:16,259 [WARN] PackLoader:240 - Cannot read IP mode file for STMicroelectronics.X-CUBE-DPower.1.2.0
2024-10-10 10:47:16,265 [WARN] PackLoader:240 - Cannot read IP mode file for STMicroelectronics.X-CUBE-AI.9.0.0
2024-10-10 10:47:16,274 [WARN] PackLoader:240 - Cannot read IP mode file for STMicroelectronics.X-CUBE-NFC7.1.0.1
2024-10-10 10:47:16,298 [WARN] ConditionMgr:438 - getConditionDescription Invalid condition id : LAN8742 Phy interface Condition cause : null
2024-10-10 10:47:16,300 [WARN] PackLoader:240 - Cannot read IP mode file for STMicroelectronics.X-CUBE-AZRTOS-L4.2.0.0
2024-10-10 10:47:16,303 [WARN] ConditionMgr:1039 - genDependencies : Invalid condition id : LAN8742 Phy interface Condition cause : null
2024-10-10 10:47:16,304 [WARN] ConditionMgr:1039 - genDependencies : Invalid condition id : LAN8742 Phy interface Condition cause : null
2024-10-10 10:47:16,304 [WARN] ConditionMgr:1039 - genDependencies : Invalid condition id : LAN8742 Phy interface Condition cause : null
2024-10-10 10:47:16,311 [WARN] PackLoader:240 - Cannot read IP mode file for STMicroelectronics.X-CUBE-SFXS2LP1.4.0.0
2024-10-10 10:47:16,332 [WARN] PackLoader:240 - Cannot read IP mode file for STMicroelectronics.X-CUBE-AZRTOS-H7.3.3.0
2024-10-10 10:47:16,346 [WARN] PackLoader:240 - Cannot read IP mode file for STMicroelectronics.X-CUBE-IPS.3.0.0
2024-10-10 10:47:16,365 [WARN] ConditionMgr:438 - getConditionDescription Invalid condition id : UX DEVICE CLASS RTOS Condition cause : null
2024-10-10 10:47:16,366 [WARN] ConditionMgr:438 - getConditionDescription Invalid condition id : UX DEVICE CLASS RTOS Condition cause : null
2024-10-10 10:47:16,368 [WARN] PackLoader:240 - Cannot read IP mode file for STMicroelectronics.X-CUBE-AZRTOS-WB.2.0.0
2024-10-10 10:47:16,370 [WARN] ConditionMgr:1039 - genDependencies : Invalid condition id : UX DEVICE CLASS RTOS Condition cause : null
2024-10-10 10:47:16,370 [WARN] ConditionMgr:1039 - genDependencies : Invalid condition id : UX DEVICE CLASS RTOS Condition cause : null
2024-10-10 10:47:16,371 [WARN] ConditionMgr:1039 - genDependencies : Invalid condition id : UX DEVICE CLASS RTOS Condition cause : null
2024-10-10 10:47:16,371 [WARN] ConditionMgr:1039 - genDependencies : Invalid condition id : UX DEVICE CLASS RTOS Condition cause : null
2024-10-10 10:47:16,371 [WARN] ConditionMgr:1039 - genDependencies : Invalid condition id : UX DEVICE CLASS RTOS Condition cause : null
2024-10-10 10:47:16,376 [WARN] PackLoader:240 - Cannot read IP mode file for STMicroelectronics.X-CUBE-GNSS1.7.0.0
2024-10-10 10:47:16,382 [WARN] PackLoader:240 - Cannot read IP mode file for STMicroelectronics.FP-SNS-STBOX1.2.0.0
2024-10-10 10:47:16,393 [WARN] PackLoader:240 - Cannot read IP mode file for STMicroelectronics.X-CUBE-SUBG2.5.0.0
2024-10-10 10:47:16,399 [WARN] PackLoader:240 - Cannot read IP mode file for Cesanta.I-CUBE-Mongoose.7.13.0
2024-10-10 10:47:16,412 [WARN] PackLoader:240 - Cannot read IP mode file for STMicroelectronics.X-CUBE-AZRTOS-G4.2.0.0
2024-10-10 10:47:16,418 [WARN] PackLoader:240 - Cannot read IP mode file for STMicroelectronics.X-CUBE-ISPU.2.0.0
2024-10-10 10:47:16,421 [WARN] PackLoader:240 - Cannot read IP mode file for STMicroelectronics.X-CUBE-ALS.1.0.2
2024-10-10 10:47:16,427 [WARN] PackLoader:240 - Cannot read IP mode file for STMicroelectronics.X-CUBE-TOUCHGFX.4.24.0
2024-10-10 10:47:16,429 [WARN] PackLoader:240 - Cannot read IP mode file for STMicroelectronics.X-CUBE-TOUCHGFX.4.24.1
2024-10-10 10:47:16,432 [WARN] PackLoader:240 - Cannot read IP mode file for wolfSSL.I-CUBE-wolfTPM.3.4.0
2024-10-10 10:47:16,436 [WARN] PackLoader:240 - Cannot read IP mode file for portGmbH.I-Cube-SoM-uGOAL.1.1.0
2024-10-10 10:47:16,450 [WARN] PackLoader:240 - Cannot read IP mode file for STMicroelectronics.X-CUBE-AZRTOS-H7RS.1.0.0
2024-10-10 10:47:16,455 [WARN] PackLoader:240 - Cannot read IP mode file for STMicroelectronics.FP-ATR-ASTRA1.2.0.0
2024-10-10 10:47:16,465 [WARN] PackLoader:240 - Cannot read IP mode file for STMicroelectronics.X-CUBE-TOF1.3.4.2
2024-10-10 10:47:16,497 [WARN] PackLoader:240 - Cannot read IP mode file for Infineon.AIROC-Wi-Fi-Bluetooth-STM32.1.6.1
2024-10-10 10:47:16,504 [WARN] PackLoader:240 - Cannot read IP mode file for wolfSSL.I-CUBE-wolfSSH.1.4.17
2024-10-10 10:47:16,506 [INFO] ThirdParty:978 - Integrity check success = true
2024-10-10 10:47:16,506 [INFO] IntegrityCheckThread:100 - exiting critical section [integrity check]
2024-10-10 10:47:16,506 [INFO] IntegrityCheckThread:103 - End integrity checks thread
2024-10-10 10:48:49,237 [ERROR] LogOutputStream:75 - [STDERR_REDIRECT] 
